# JRE version: OpenJDK Runtime Environment Temurin-21.0.6+7 (21.0.6+7) (build 21.0.6+7-LTS)
# Java VM: OpenJDK 64-Bit Server VM Temurin-21.0.6+7 (21.0.6+7-LTS, mixed mode, emulated-client, sharing, tiered, compressed oops, compressed class ptrs, g1 gc, windows-amd64)
GC Precious Log:
 CardTable entry size: 512
 Card Set container configuration: InlinePtr #cards 5 size 8 Array Of Cards #cards 12 size 40 Howl #buckets 4 coarsen threshold 1843 Howl Bitmap #cards 512 size 80 coarsen threshold 460 Card regions per heap region 1 cards per card region 2048
 CPUs: 8 total, 8 available
 Memory: 3459M
 Large Page Support: Disabled
 NUMA Support: Disabled
 Compressed Oops: Enabled (32-bit)
 Heap Region Size: 1M
 Heap Min Capacity: 8M
 Heap Initial Capacity: 56M
 Heap Max Capacity: 866M
 Pre-touch: Disabled
 Parallel Workers: 8
 Concurrent Workers: 2
 Concurrent Refinement Workers: 8
 Periodic GC: Disabled
Heap:
 garbage-first heap   total 79872K, used 60041K [0x00000000c9e00000, 0x0000000100000000)
  region size 1024K, 37 young (37888K), 6 survivors (6144K)
 Metaspace       used 72383K, committed 73216K, reserved 1114112K
  class space    used 10055K, committed 10432K, reserved 1048576K
GC Heap History (20 events):
Event: 57949.576 GC heap after
{Heap after GC invocations=59 (full 3):
 garbage-first heap   total 79872K, used 33412K [0x00000000c9e00000, 0x0000000100000000)
  region size 1024K, 5 young (5120K), 5 survivors (5120K)
 Metaspace       used 71536K, committed 72256K, reserved 1114112K
  class space    used 9979K, committed 10304K, reserved 1048576K
}
Event: 58350.181 GC heap before
{Heap before GC invocations=59 (full 3):
 garbage-first heap   total 79872K, used 50820K [0x00000000c9e00000, 0x0000000100000000)
  region size 1024K, 23 young (23552K), 5 survivors (5120K)
 Metaspace       used 71539K, committed 72320K, reserved 1114112K
  class space    used 9979K, committed 10304K, reserved 1048576K
}
Event: 58351.319 GC heap after
{Heap after GC invocations=60 (full 4):
 garbage-first heap   total 79872K, used 24347K [0x00000000c9e00000, 0x0000000100000000)
  region size 1024K, 0 young (0K), 0 survivors (0K)
 Metaspace       used 71328K, committed 72320K, reserved 1114112K
  class space    used 9924K, committed 10304K, reserved 1048576K
}
Event: 58355.662 GC heap before
{Heap before GC invocations=60 (full 4):
 garbage-first heap   total 79872K, used 62235K [0x00000000c9e00000, 0x0000000100000000)
  region size 1024K, 38 young (38912K), 0 survivors (0K)
 Metaspace       used 71499K, committed 72320K, reserved 1114112K
  class space    used 9964K, committed 10304K, reserved 1048576K
}
Event: 58355.690 GC heap after
{Heap after GC invocations=61 (full 4):
 garbage-first heap   total 79872K, used 29467K [0x00000000c9e00000, 0x0000000100000000)
  region size 1024K, 5 young (5120K), 5 survivors (5120K)
 Metaspace       used 71499K, committed 72320K, reserved 1114112K
  class space    used 9964K, committed 10304K, reserved 1048576K
}
Event: 58358.556 GC heap before
{Heap before GC invocations=62 (full 4):
 garbage-first heap   total 79872K, used 61211K [0x00000000c9e00000, 0x0000000100000000)
  region size 1024K, 38 young (38912K), 5 survivors (5120K)
 Metaspace       used 71809K, committed 72576K, reserved 1114112K
  class space    used 10001K, committed 10304K, reserved 1048576K
}
Event: 58358.669 GC heap after
{Heap after GC invocations=63 (full 5):
 garbage-first heap   total 79872K, used 27071K [0x00000000c9e00000, 0x0000000100000000)
  region size 1024K, 0 young (0K), 0 survivors (0K)
 Metaspace       used 71743K, committed 72576K, reserved 1114112K
  class space    used 9984K, committed 10304K, reserved 1048576K
}
Event: 58359.842 GC heap before
{Heap before GC invocations=63 (full 5):
 garbage-first heap   total 79872K, used 62911K [0x00000000c9e00000, 0x0000000100000000)
  region size 1024K, 36 young (36864K), 0 survivors (0K)
 Metaspace       used 71799K, committed 72576K, reserved 1114112K
  class space    used 9994K, committed 10304K, reserved 1048576K
}
Event: 58359.850 GC heap after
{Heap after GC invocations=64 (full 5):
 garbage-first heap   total 79872K, used 30815K [0x00000000c9e00000, 0x0000000100000000)
  region size 1024K, 4 young (4096K), 4 survivors (4096K)
 Metaspace       used 71799K, committed 72576K, reserved 1114112K
  class space    used 9994K, committed 10304K, reserved 1048576K
}
Event: 58521.063 GC heap before
{Heap before GC invocations=65 (full 5):
 garbage-first heap   total 79872K, used 65631K [0x00000000c9e00000, 0x0000000100000000)
  region size 1024K, 38 young (38912K), 4 survivors (4096K)
 Metaspace       used 72030K, committed 72832K, reserved 1114112K
  class space    used 10011K, committed 10368K, reserved 1048576K
}
Event: 58521.155 GC heap after
{Heap after GC invocations=66 (full 5):
 garbage-first heap   total 79872K, used 32073K [0x00000000c9e00000, 0x0000000100000000)
  region size 1024K, 3 young (3072K), 3 survivors (3072K)
 Metaspace       used 72030K, committed 72832K, reserved 1114112K
  class space    used 10011K, committed 10368K, reserved 1048576K
}
Event: 59325.290 GC heap before
{Heap before GC invocations=66 (full 5):
 garbage-first heap   total 79872K, used 65865K [0x00000000c9e00000, 0x0000000100000000)
  region size 1024K, 36 young (36864K), 3 survivors (3072K)
 Metaspace       used 72030K, committed 72832K, reserved 1114112K
  class space    used 10011K, committed 10368K, reserved 1048576K
}
Event: 59325.351 GC heap after
{Heap after GC invocations=67 (full 5):
 garbage-first heap   total 79872K, used 31970K [0x00000000c9e00000, 0x0000000100000000)
  region size 1024K, 3 young (3072K), 3 survivors (3072K)
 Metaspace       used 72030K, committed 72832K, reserved 1114112K
  class space    used 10011K, committed 10368K, reserved 1048576K
}
Event: 60083.218 GC heap before
{Heap before GC invocations=67 (full 5):
 garbage-first heap   total 79872K, used 67810K [0x00000000c9e00000, 0x0000000100000000)
  region size 1024K, 38 young (38912K), 3 survivors (3072K)
 Metaspace       used 72030K, committed 72832K, reserved 1114112K
  class space    used 10011K, committed 10368K, reserved 1048576K
}
Event: 60083.288 GC heap after
{Heap after GC invocations=68 (full 5):
 garbage-first heap   total 79872K, used 32236K [0x00000000c9e00000, 0x0000000100000000)
  region size 1024K, 3 young (3072K), 3 survivors (3072K)
 Metaspace       used 72030K, committed 72832K, reserved 1114112K
  class space    used 10011K, committed 10368K, reserved 1048576K
}
Event: 60279.210 GC heap before
{Heap before GC invocations=69 (full 5):
 garbage-first heap   total 79872K, used 42476K [0x00000000c9e00000, 0x0000000100000000)
  region size 1024K, 14 young (14336K), 3 survivors (3072K)
 Metaspace       used 71914K, committed 72832K, reserved 1114112K
  class space    used 9980K, committed 10368K, reserved 1048576K
}
Event: 60281.452 GC heap after
{Heap after GC invocations=70 (full 6):
 garbage-first heap   total 79872K, used 24100K [0x00000000c9e00000, 0x0000000100000000)
  region size 1024K, 0 young (0K), 0 survivors (0K)
 Metaspace       used 71906K, committed 72832K, reserved 1114112K
  class space    used 9978K, committed 10368K, reserved 1048576K
}
Event: 60282.804 GC heap before
{Heap before GC invocations=70 (full 6):
 garbage-first heap   total 79872K, used 66084K [0x00000000c9e00000, 0x0000000100000000)
  region size 1024K, 42 young (43008K), 0 survivors (0K)
 Metaspace       used 72083K, committed 72832K, reserved 1114112K
  class space    used 10020K, committed 10368K, reserved 1048576K
}
Event: 60282.818 GC heap after
{Heap after GC invocations=71 (full 6):
 garbage-first heap   total 79872K, used 29321K [0x00000000c9e00000, 0x0000000100000000)
  region size 1024K, 6 young (6144K), 6 survivors (6144K)
 Metaspace       used 72083K, committed 72832K, reserved 1114112K
  class space    used 10020K, committed 10368K, reserved 1048576K
}
Event: 60325.428 GC heap before
{Heap before GC invocations=72 (full 6):
 garbage-first heap   total 79872K, used 60041K [0x00000000c9e00000, 0x0000000100000000)
  region size 1024K, 37 young (37888K), 6 survivors (6144K)
 Metaspace       used 72383K, committed 73216K, reserved 1114112K
  class space    used 10055K, committed 10432K, reserved 1048576K
}

